  0416演讲比赛程序需求.cpp
  speechManager.cpp
G:\self_learn\cpp\25May\0416演讲比赛流程管理系统\0416演讲比赛流程管理系统\speechManager.cpp(296,19): warning C4267: “=”: 从“size_t”转换到“int”，可能丢失数据
D:\visual_studio\IDE\VC\Tools\MSVC\14.42.34433\include\numeric(33,26): warning C4244: “=”: 从“double”转换到“_Ty”，可能丢失数据
D:\visual_studio\IDE\VC\Tools\MSVC\14.42.34433\include\numeric(33,26): warning C4244:         with
D:\visual_studio\IDE\VC\Tools\MSVC\14.42.34433\include\numeric(33,26): warning C4244:         [
D:\visual_studio\IDE\VC\Tools\MSVC\14.42.34433\include\numeric(33,26): warning C4244:             _Ty=int
D:\visual_studio\IDE\VC\Tools\MSVC\14.42.34433\include\numeric(33,26): warning C4244:         ]
  (编译源文件“speechManager.cpp”)
      D:\visual_studio\IDE\VC\Tools\MSVC\14.42.34433\include\numeric(33,26):
      模板实例化上下文(最早的实例化上下文)为
          G:\self_learn\cpp\25May\0416演讲比赛流程管理系统\0416演讲比赛流程管理系统\speechManager.cpp(169,16):
          查看对正在编译的函数 模板 实例化“_Ty std::accumulate<std::_Deque_iterator<std::_Deque_val<std::_Deque_simple_types<double>>>,int>(const _InIt,const _InIt,_Ty)”的引用
          with
          [
              _Ty=int,
              _InIt=std::_Deque_iterator<std::_Deque_val<std::_Deque_simple_types<double>>>
          ]
          D:\visual_studio\IDE\VC\Tools\MSVC\14.42.34433\include\numeric(42,17):
          查看对正在编译的函数 模板 实例化“_Ty std::accumulate<_InIt,_Ty,std::plus<void>>(const _InIt,const _InIt,_Ty,_Fn)”的引用
          with
          [
              _Ty=int,
              _InIt=std::_Deque_iterator<std::_Deque_val<std::_Deque_simple_types<double>>>,
              _Fn=std::plus<void>
          ]
  
  正在生成代码...
  0416演讲比赛流程管理系统.vcxproj -> G:\self_learn\cpp\25May\0416演讲比赛流程管理系统\x64\Debug\0416演讲比赛流程管理系统.exe
